[10/6/2014 4:15:13] /m demon
[10/6/2014 4:15:17] /m demon
[10/6/2014 4:19:51] /i 2265 1
[10/6/2014 4:20:2] /i ultimate healing rune
[10/6/2014 4:59:7] /info
[10/6/2014 4:59:13] /info god peonso
[10/6/2014 4:59:23] /info peonso
[10/6/2014 4:59:45] /owner
[10/6/2014 4:59:58] /serverdiag
[10/6/2014 15:31:25] /i ultimate healing rune 5
[10/6/2014 15:31:30] /i ultimate healing rune 
[10/6/2014 15:31:37] /i
[10/6/2014 18:20:35] /i spellbook
[10/6/2014 18:21:5] /i clock
[10/6/2014 18:21:10] /i watch
[10/6/2014 18:21:21] /i manafluid
[10/6/2014 18:21:27] /i vial 7
[10/6/2014 18:21:29] /i vial
[10/6/2014 18:21:47] /i spear
[10/6/2014 21:58:2] /i hamm
[10/6/2014 21:58:5] /i ham
[10/6/2014 21:58:13] /i backpack
[10/6/2014 21:58:28] /i manafluid
[10/6/2014 21:58:34] /i vial manafluid
[10/6/2014 21:58:49] /i 2006 7
[10/6/2014 21:59:8] /ghost
[10/6/2014 21:59:10] /ghost
[10/6/2014 22:20:37] /i crystal coin
[10/6/2014 22:23:8] /i 2006
[10/6/2014 22:29:26] /i frozen starlight
[10/6/2014 22:32:25] /i vial
[10/6/2014 22:36:41] /down
[10/6/2014 22:36:51] /up
[10/6/2014 22:36:53] /down
[10/6/2014 22:37:27] /i rope
[10/6/2014 22:38:26] /goto 116 152 12
[10/6/2014 22:38:32] /goto 116,152,12
[10/6/2014 22:39:7] /goto 227 224 7
[10/6/2014 22:39:15] /goto 227,229,7
[10/6/2014 22:39:43] /goto 442,388
[10/6/2014 22:39:46] /goto 442,388,7
[10/6/2014 22:42:19] /goto 610,388,8
[10/6/2014 22:43:4] /i 243,378,8
[10/6/2014 22:43:11] /goto 243,378,8
[10/6/2014 22:47:48] /goto demon
[10/6/2014 22:47:58] /goto demon
[10/6/2014 22:48:3] /goto demon
[10/6/2014 22:48:52] /goto 224,229,7
[10/6/2014 22:49:18] /i skull staff
[10/6/2014 22:53:55] /i fire axe
[10/6/2014 22:59:11] /goto hero
[10/6/2014 22:59:15] /goto priestess
[10/6/2014 23:7:40] /down
[10/6/2014 23:7:42] /down
[10/6/2014 23:7:50] /summon behemoth
[10/6/2014 23:8:2] /summon behemoth
[10/6/2014 23:8:7] /summon behemoth
[10/6/2014 23:8:27] /summon behemoth
[10/6/2014 23:8:27] /summon behemoth
[10/6/2014 23:8:28] /summon behemoth
[10/6/2014 23:8:30] /summon behemoth
[10/6/2014 23:8:32] /summon behemoth
[10/6/2014 23:8:33] /summon behemoth
[10/6/2014 23:8:35] /summon behemoth
[10/6/2014 23:8:43] /summon behemoth
[10/6/2014 23:8:43] /summon behemoth
[10/6/2014 23:8:44] /summon behemoth
[10/6/2014 23:8:45] /summon behemoth
[10/6/2014 23:8:45] /summon behemoth
[10/6/2014 23:8:46] /summon behemoth
[10/6/2014 23:9:14] /summon behemoth
[10/6/2014 23:9:20] /summon warlock
[10/6/2014 23:9:21] /summon warlock
[10/6/2014 23:9:21] /summon warlock
[10/6/2014 23:9:22] /summon warlock
[10/6/2014 23:9:23] /summon warlock
[10/6/2014 23:9:40] /summon warlock
[10/6/2014 23:9:41] /summon warlock
[10/6/2014 23:9:41] /summon warlock
[10/6/2014 23:9:42] /summon warlock
[10/6/2014 23:9:42] /summon warlock
[10/6/2014 23:9:42] /summon warlock
[10/6/2014 23:9:43] /summon warlock
[10/6/2014 23:9:46] /summon behemoth
[10/6/2014 23:9:47] /summon behemoth
[10/6/2014 23:9:47] /summon behemoth
[10/6/2014 23:9:48] /summon behemoth
[10/6/2014 23:9:48] /summon behemoth
[10/6/2014 23:9:49] /summon behemoth
[10/6/2014 23:9:49] /summon behemoth
[10/6/2014 23:9:50] /summon behemoth
[10/6/2014 23:9:51] /summon behemoth
[10/6/2014 23:9:51] /summon behemoth
[10/6/2014 23:9:52] /summon behemoth
[10/6/2014 23:10:16] /summon behemoth
[10/6/2014 23:10:17] /summon behemoth
[10/6/2014 23:10:17] /summon behemoth
[10/6/2014 23:10:18] /summon behemoth
[10/6/2014 23:10:18] /summon behemoth
[10/6/2014 23:10:19] /summon behemoth
[10/6/2014 23:10:20] /summon warlock
[10/6/2014 23:10:21] /summon warlock
[10/6/2014 23:10:21] /summon warlock
[10/6/2014 23:10:22] /summon warlock
[10/6/2014 23:10:22] /summon warlock
[10/6/2014 23:10:48] /summon warlock
[10/6/2014 23:10:49] /summon warlock
[10/6/2014 23:10:49] /summon warlock
[10/6/2014 23:10:50] /summon warlock
[10/6/2014 23:10:50] /summon warlock
[10/6/2014 23:10:51] /summon warlock
[10/6/2014 23:10:51] /summon warlock
[10/6/2014 23:10:52] /summon warlock
[10/6/2014 23:10:54] /summon warlock
[10/6/2014 23:10:55] /summon behemoth
[10/6/2014 23:10:56] /summon behemoth
[10/6/2014 23:10:56] /summon behemoth
[10/6/2014 23:11:18] /summon behemoth
[10/6/2014 23:11:19] /summon behemoth
[10/6/2014 23:11:20] /summon behemoth
[10/6/2014 23:11:20] /summon behemoth
[10/6/2014 23:11:21] /summon behemoth
[10/6/2014 23:11:22] /summon warlock
[10/6/2014 23:11:23] /summon warlock
[10/6/2014 23:11:23] /summon warlock
[10/6/2014 23:11:58] /summon warlock
[10/6/2014 23:11:59] /summon warlock
[10/6/2014 23:11:59] /summon warlock
[10/6/2014 23:12:0] /summon warlock
[10/6/2014 23:12:0] /summon warlock
[10/6/2014 23:12:1] /summon warlock
[10/6/2014 23:12:1] /summon warlock
[10/6/2014 23:12:2] /summon warlock
[10/6/2014 23:12:2] /summon warlock
[10/6/2014 23:12:3] /summon warlock
[10/6/2014 23:12:3] /summon warlock
[10/6/2014 23:12:4] /summon warlock
[10/6/2014 23:12:5] /summon warlock
[10/6/2014 23:12:5] /summon warlock
[10/6/2014 23:12:13] /summon behemoth
[10/6/2014 23:12:13] /summon behemoth
[10/6/2014 23:12:14] /summon behemoth
[10/6/2014 23:12:14] /summon behemoth
[10/6/2014 23:12:15] /summon behemoth
[10/6/2014 23:12:15] /summon behemoth
[10/6/2014 23:12:16] /summon behemoth
[10/6/2014 23:12:17] /summon behemoth
[10/6/2014 23:12:21] /summon warlock
[10/6/2014 23:12:22] /summon warlock
[10/6/2014 23:12:23] /summon warlock
[10/6/2014 23:12:24] /summon warlock
[10/6/2014 23:12:24] /summon warlock
[10/6/2014 23:14:13] /i destroy field
[10/6/2014 23:14:17] /i destroy field rune
[10/6/2014 23:18:36] /summon black knight
[10/6/2014 23:18:36] /summon black knight
[10/6/2014 23:18:37] /summon black knight
[10/6/2014 23:18:37] /summon black knight
[10/6/2014 23:18:38] /summon black knight
[10/6/2014 23:18:39] /summon black knight
[10/6/2014 23:18:39] /summon black knight
[10/6/2014 23:18:40] /summon black knight
[10/6/2014 23:18:40] /summon black knight
[10/6/2014 23:18:40] /summon black knight
[10/6/2014 23:18:41] /summon black knight
[10/6/2014 23:18:41] /summon black knight
[10/6/2014 23:18:42] /summon black knight
[10/6/2014 23:18:42] /summon black knight
[10/6/2014 23:18:43] /summon black knight
[10/6/2014 23:18:45] /summon black knight
[10/6/2014 23:18:45] /summon black knight
[10/6/2014 23:18:46] /summon black knight
[10/6/2014 23:18:50] /summon black knight
[10/6/2014 23:18:50] /summon black knight
[10/6/2014 23:18:51] /summon black knight
[10/6/2014 23:18:51] /summon black knight
[10/6/2014 23:18:55] /summon black knight
[10/6/2014 23:18:55] /summon black knight
[10/6/2014 23:18:56] /summon black knight
[10/6/2014 23:18:56] /summon black knight
[10/6/2014 23:19:0] /summon black knight
[10/6/2014 23:19:7] /summon black knight
[10/6/2014 23:19:8] /summon black knight
[10/6/2014 23:19:10] /summon black knight
[10/6/2014 23:19:12] /summon black knight
[10/6/2014 23:19:19] /summon black knight
[10/6/2014 23:19:20] /summon black knight
[10/6/2014 23:19:20] /summon black knight
[10/6/2014 23:19:21] /summon black knight
[10/6/2014 23:25:23] /i lyre
[10/6/2014 23:27:38] /summon demon
[10/6/2014 23:27:39] /summon demon
[10/6/2014 23:27:40] /summon demon
[10/6/2014 23:27:43] /summon demon
[10/6/2014 23:27:44] /summon demon
[10/6/2014 23:29:2] /summon demon
[10/6/2014 23:32:4] /summon giant spider
[10/6/2014 23:32:8] /summon giant spider
[10/6/2014 23:32:9] /summon giant spider
[10/6/2014 23:32:9] /summon giant spider
[10/6/2014 23:36:17] /summon giant spider
[10/6/2014 23:36:20] /summon giant spider
[10/6/2014 23:36:21] /summon giant spider
[10/6/2014 23:36:22] /summon giant spider
[10/6/2014 23:37:17] /summon giant spider
[10/6/2014 23:37:17] /summon giant spider
[10/6/2014 23:38:9] /goto 412,74,12
[10/6/2014 23:38:18] /goto 416,67,12
[10/6/2014 23:46:5] /goto 227,224,7
[11/6/2014 0:2:30] /i stealth ring
[11/6/2014 0:4:5] /i life ring
[11/6/2014 11:57:9] /i crystal key 10000
[11/6/2014 11:57:13] /i crystal key
[11/6/2014 12:12:42] /i magic plate armor
[11/6/2014 12:12:45] /i backpack
[11/6/2014 12:12:51] /i brown mushroom
[11/6/2014 12:13:16] /i shovel
[11/6/2014 12:13:17] /i rope
[11/6/2014 12:24:4] /i golden helmet
[11/6/2014 12:24:7] /i platinum amulet
[11/6/2014 12:24:11] /i golden boots
[11/6/2014 12:24:16] /i dragon scale legs
[11/6/2014 12:24:21] /i intense healing rune
[11/6/2014 14:53:28] /i intense healing rune
[11/6/2014 14:53:44] /i paralyze
[11/6/2014 14:53:47] /i paralize
[11/6/2014 14:53:52] /i paralize rune
[11/6/2014 14:53:56] /i paralyze rune
[11/6/2014 15:0:37] /i spell rune
[11/6/2014 15:1:11] /summon troll
[11/6/2014 15:1:17] /summon troll
[11/6/2014 15:1:31] /summon troll
[11/6/2014 15:1:37] /summon troll
[11/6/2014 15:1:43] /summon black knight
[11/6/2014 15:3:9] /m black knight
[11/6/2014 15:3:14] /summon black knight
[11/6/2014 15:3:44] /m black knight
[11/6/2014 15:3:45] /m black knight
[11/6/2014 15:3:51] /summon black knight
[11/6/2014 15:3:53] /summon black knight
[11/6/2014 15:3:54] /summon black knight
[11/6/2014 15:3:54] /summon black knight
[11/6/2014 15:3:56] /summon black knight
[11/6/2014 15:3:57] /summon black knight
[11/6/2014 15:4:55] /m orshabaal
[11/6/2014 15:5:4] /summon orshabaal
[11/6/2014 15:5:5] /summon orshabaal
[11/6/2014 15:5:18] /m orshabaal
[11/6/2014 15:5:19] /m orshabaal
[11/6/2014 15:5:22] /summon orshabaal
[11/6/2014 15:5:23] /summon orshabaal
[11/6/2014 15:5:23] /summon orshabaal
[11/6/2014 15:5:24] /summon orshabaal
[11/6/2014 15:5:24] /summon orshabaal
[11/6/2014 15:5:25] /summon orshabaal
[11/6/2014 15:5:25] /summon orshabaal
[11/6/2014 15:6:30] /m orshabaal
[11/6/2014 15:6:34] /summon banshee
[11/6/2014 15:6:35] /summon banshee
[11/6/2014 15:6:35] /summon banshee
[11/6/2014 15:6:38] /summon banshee
[11/6/2014 15:6:39] /summon banshee
[11/6/2014 15:6:40] /summon banshee
[11/6/2014 15:6:40] /summon banshee
[11/6/2014 15:6:41] /summon banshee
[11/6/2014 15:6:41] /summon banshee
[11/6/2014 15:6:42] /summon banshee
[11/6/2014 15:6:55] /summon orshabaal
[11/6/2014 15:6:56] /summon orshabaal
[11/6/2014 15:6:57] /summon orshabaal
[11/6/2014 15:6:57] /summon orshabaal
[11/6/2014 15:6:58] /summon orshabaal
[11/6/2014 15:6:59] /summon orshabaal
[11/6/2014 15:6:59] /summon orshabaal
[11/6/2014 15:7:0] /summon orshabaal
[11/6/2014 15:7:15] /m orshabaal
[11/6/2014 15:7:27] /m orshabaal
[11/6/2014 15:7:29] /m orshabaal
[11/6/2014 15:7:33] /m orshabaal
[11/6/2014 15:7:52] /summon orshabaal
[11/6/2014 15:7:56] /m orshabaal
[11/6/2014 15:8:33] /m demon
[11/6/2014 15:8:48] /summon demon
[11/6/2014 15:8:50] /m demon
[11/6/2014 15:10:17] /summon demon
[11/6/2014 15:10:20] /summon demon
[11/6/2014 15:10:25] /summon demon
[11/6/2014 15:10:37] /m orshabaal
[11/6/2014 15:10:39] /m orshabaal
[11/6/2014 15:10:40] /m orshabaal
[11/6/2014 15:10:42] /m orshabaal
[11/6/2014 15:11:6] /summon old simone
[11/6/2014 15:11:13] /summon old_simone
[11/6/2014 15:11:16] /summon old_simone
[11/6/2014 15:11:20] /summon old simone
[11/6/2014 15:12:11] /summon simone
[11/6/2014 15:12:32] /summon simone
[11/6/2014 15:12:32] /summon simone
[11/6/2014 15:12:33] /summon simone
[11/6/2014 15:12:34] /summon simone
[11/6/2014 15:12:34] /summon simone
[11/6/2014 15:12:35] /summon simone
[11/6/2014 15:12:36] /summon simone
[11/6/2014 15:12:37] /summon simone
[11/6/2014 15:12:38] /summon simone
[11/6/2014 15:13:3] /m behemoth
[11/6/2014 15:13:12] /m behemoth
[11/6/2014 15:13:13] /m behemoth
[11/6/2014 15:13:24] /m behemoth
[11/6/2014 15:13:32] /m behemoth
[11/6/2014 15:13:48] /m simone
[11/6/2014 15:13:59] /m simone
[11/6/2014 15:14:10] /summon simone
[11/6/2014 15:41:51] /i heavy mace
[11/6/2014 15:42:7] /i arcane staff
[11/6/2014 15:46:48] /i hunting spear
[11/6/2014 15:46:50] /i hunting spear
[11/6/2014 15:55:8] /reload
[11/6/2014 16:26:43] /owner
[11/6/2014 16:28:35] /addskill penosa,5
[11/6/2014 16:31:44] /edition
[11/6/2014 16:31:46] /edition
[11/6/2014 16:31:50] /edition
[11/6/2014 16:31:52] /edition
[11/6/2014 16:32:28] /serverdiag
[11/6/2014 16:36:21] /shutdown
[11/6/2014 16:37:26] /summon tliff
[11/6/2014 16:37:33] /n tliff
[11/6/2014 16:37:44] /npc tliff
[11/6/2014 16:38:38] /serverdiag
[11/6/2014 16:40:1] /promote Penosa,3
[11/6/2014 16:46:34] /m jspion
[11/6/2014 16:46:36] /m jspion
[11/6/2014 16:46:37] /m jspion
[11/6/2014 16:47:43] /n jaspion
[11/6/2014 16:47:45] /n jaspion
[11/6/2014 16:47:48] /n penosa
[11/6/2014 16:47:50] /m penosa
[11/6/2014 16:48:30] /items fire axe
[11/6/2014 16:48:33] /items fire axe
[11/6/2014 16:51:29] /objetos fire axe
[11/6/2014 16:52:18] /items 2175,1
[11/6/2014 16:52:22] /items 2175,1
[11/6/2014 16:52:57] /items 2265,23
[11/6/2014 16:53:20] /items 2006,7
[11/6/2014 16:53:28] /i backpack
[11/6/2014 16:54:37] /i leather armor
[11/6/2014 16:54:43] /i leather helmet
[11/6/2014 16:54:50] /i dagger
[11/6/2014 16:54:57] /i wooden shield
[11/6/2014 16:55:8] /i scarf
[11/6/2014 16:56:22] /i 2090,10000
[11/6/2014 16:56:34] /i 2090,10000,10000
[11/6/2014 17:1:12] /config
[11/6/2014 17:2:17] /config adminPassword,kralho6
[11/6/2014 17:2:24] /config adminPassword kralho6
[11/6/2014 17:2:30] /config adminPassword
[11/6/2014 17:9:37] /owner god peonso
[11/6/2014 17:9:44] /owner god peonso
[11/6/2014 17:11:19] /owner penosa
[11/6/2014 17:14:38] /save
[11/6/2014 17:14:42] /save 3333
[11/6/2014 17:15:2] /save 7773333
[11/6/2014 17:15:33] /save sadase
[11/6/2014 17:15:38] /save god peonso
[11/6/2014 17:19:17] /b asdaew
[11/6/2014 17:19:39] /bc aew
[11/6/2014 17:19:42] /bc
[11/6/2014 17:20:33] /bc 22,olá jogadore
[11/6/2014 17:20:41] /bc opaopa
[11/6/2014 17:22:11] /bc 22 oilá
[11/6/2014 17:22:19] /bc 19 oilá
[11/6/2014 17:22:23] /bc 19oilá
[11/6/2014 17:22:34] /bc 1 oilá
[11/6/2014 17:22:37] /bc 23 oilá
[11/6/2014 17:25:9] /bc mensagem 
[11/6/2014 17:25:16] /bc ,oi
[11/6/2014 17:25:22] /bc 3 aew
[11/6/2014 17:25:38] /bc OI PESSOAL
[11/6/2014 17:25:54] /bc oi oi
[11/6/2014 17:26:0] /bc OPA OPA OPA
[11/6/2014 17:27:15] /bc
[11/6/2014 17:27:17] /bc 2
[11/6/2014 17:27:21] /bc 2 2
[11/6/2014 17:28:18] /bc 15 aew
[11/6/2014 17:29:11] /bc TALKTYPE_GAMEMASTER_CHANNEL oi
[11/6/2014 17:30:12] /bc 11 aew
[11/6/2014 17:31:37] /b
[11/6/2014 17:31:39] /b aew
[11/6/2014 17:32:48] /light
[11/6/2014 17:33:9] /light
[11/6/2014 17:33:19] /light
[11/6/2014 17:33:22] /light
[11/6/2014 17:33:40] /light
[11/6/2014 17:33:44] /light
[11/6/2014 17:33:48] /light
[11/6/2014 17:33:49] /light
[11/6/2014 17:36:24] /c
[11/6/2014 17:36:30] /c
[11/6/2014 17:36:32] /c
[11/6/2014 17:37:16] /bc 23 aew
[11/6/2014 17:37:23] /bc 23,aew
[11/6/2014 17:37:48] /bc 5 aew
[11/6/2014 17:37:56] /bc Salve-se quem puder
[11/6/2014 17:39:7] /ban opa
[11/6/2014 17:39:48] /ban Tempo
[11/6/2014 17:40:38] /ban Tempo
[11/6/2014 17:41:15] /ban 176886
[11/6/2014 17:41:28] /ban Tempo
[11/6/2014 17:43:35] /ban Tempo 5 aew
[11/6/2014 17:43:45] /ban Tempo,5,aew
[11/6/2014 17:43:48] /ban Tempo
[11/6/2014 17:44:17] /ban
[11/6/2014 17:44:20] /ban Opa
[11/6/2014 17:44:58] /closeserver
[11/6/2014 17:45:1] /openserver
[11/6/2014 17:46:16] /raid raid_test
[11/6/2014 17:46:23] /raid raid
[11/6/2014 17:47:19] /newtype god peonso 78
[11/6/2014 17:47:24] /newtype god peonso 128
[11/6/2014 17:47:33] /newtype 128 god peonso
[11/6/2014 17:49:46] /newtype "god peonso" 128
[11/6/2014 17:49:57] /newtype god~ 128
[11/6/2014 17:50:8] /newtype ferrus 75
[11/6/2014 17:50:24] /newtype 128 god peonso
[11/6/2014 17:50:35] /newtype 128 "god peonso"
[11/6/2014 17:50:39] /newtype 128 ferrus
[11/6/2014 17:50:44] /newtype 128
[11/6/2014 17:50:47] /newtype 128
[11/6/2014 17:50:54] /newtype 75
[11/6/2014 17:51:3] /newtype 132
[11/6/2014 17:51:7] /newtype 75
[11/6/2014 17:58:47] /send godpeonso;224,227,7
[11/6/2014 17:58:50] /send godpeonso;224,227,7
[11/6/2014 17:58:54] /send god peonso;224,227,7
[11/6/2014 17:58:56] /send god peonso;224,227,7
[11/6/2014 17:58:57] /send god peonso;224,227,7
[11/6/2014 18:0:6] /wp
[11/6/2014 18:0:17] /wp
[11/6/2014 18:0:24] /wp Guilcera Depot
[11/6/2014 18:0:28] /wp
[11/6/2014 18:1:7] /send God Peonso;Guilcera Depot
[11/6/2014 18:1:23] /wp delet
[11/6/2014 18:1:27] /wp
[11/6/2014 18:3:17] /wp
[11/6/2014 18:3:49] /wp
[11/6/2014 18:6:2] /kick god peonso
[11/6/2014 18:7:33] /clean
[11/6/2014 18:8:34] /goto bandit
[11/6/2014 18:8:40] /goto assassin
[11/6/2014 18:8:49] /goto smuggler
[11/6/2014 18:8:53] /goto black knight
[11/6/2014 18:8:59] /goto ferrus
[11/6/2014 18:9:6] /goto monk
[11/6/2014 18:9:10] /goto black knight
[11/6/2014 18:9:13] /goto  monk
[11/6/2014 18:9:33] /clean
[11/6/2014 18:9:40] /clean
[11/6/2014 18:9:42] /clean
[11/6/2014 18:10:30] /cliport
[11/6/2014 18:11:5] /down
[11/6/2014 18:12:46] /light
[11/6/2014 18:12:53] /squelch
[11/6/2014 18:12:57] /squelch
[11/6/2014 18:13:14] /cliport
[11/6/2014 18:14:4] /squelch
[11/6/2014 18:14:8] /squelch
[11/6/2014 18:14:10] /light
[11/6/2014 18:14:18] /info
[11/6/2014 18:14:22] /info ferrus
[11/6/2014 18:14:26] /info god peonso
[11/6/2014 18:15:26] /town peonsville
[11/6/2014 18:15:54] /info opa
[11/6/2014 18:16:0] /info mais um paladino
[11/6/2014 18:16:13] /info tempo
[11/6/2014 18:17:5] /info Tempo
[11/6/2014 18:17:18] /send Tempo;Guilcera Depot
[11/6/2014 18:17:30] /send Tempo;Peonsville
[11/6/2014 18:19:35] /info tempo
[11/6/2014 18:20:27] /info tempo
[11/6/2014 18:22:48] /mute Tempo
[11/6/2014 18:22:54] /mute Tempo,3
[11/6/2014 18:23:10] /unmute Tempo,4
[11/6/2014 18:24:46] /ban tempo
[11/6/2014 18:24:54] /ban tempo
[11/6/2014 18:25:25] /ban fulano
[11/6/2014 18:27:49] /r tempo
[11/6/2014 18:27:53] /r tempo
[11/6/2014 18:27:57] /r Demon
[11/6/2014 18:27:59] /r Demon
[11/6/2014 18:28:2] /r Demon
[11/6/2014 18:28:5] /r Demon
[11/6/2014 18:28:9] /r
[11/6/2014 18:28:11] /r
[11/6/2014 18:28:18] /r
[11/6/2014 18:28:21] /r
[11/6/2014 18:28:36] /r
[11/6/2014 18:28:40] /r
[11/6/2014 18:28:45] /r
[11/6/2014 18:28:46] /r
[11/6/2014 18:28:59] /goto temple
[11/6/2014 18:29:4] /goto Guilcera Depot
[11/6/2014 18:29:6] /goto Guilcera Depot
[11/6/2014 18:29:11] /r
[11/6/2014 18:29:18] /r
[11/6/2014 18:30:10] /c Tempo
[11/6/2014 18:30:11] /c Tempo
[11/6/2014 18:30:13] /c Tempo
[11/6/2014 18:30:16] /c demon
[11/6/2014 18:30:19] /c demon
[11/6/2014 18:30:27] /c Iryont
[11/6/2014 18:30:29] /c Iryont
[11/6/2014 18:30:30] /c Iryont
[11/6/2014 18:30:36] /c Tliff
[11/6/2014 18:30:37] /c Tliff
[11/6/2014 18:30:38] /c Tliff
[11/6/2014 18:30:42] /c Tliff
[11/6/2014 18:30:50] /clean
[11/6/2014 18:30:56] /clean
[11/6/2014 18:32:34] /goto 224,227,7
[11/6/2014 18:34:51] /attr Tempo,6,6,12
[11/6/2014 18:35:3] /attr Tempo,6,,12
[11/6/2014 18:35:6] /attr Tempo,6,12
[11/6/2014 18:35:10] /attr Tempo,1,12
[11/6/2014 18:35:16] /attr Tempo,level,14
[11/6/2014 18:35:42] /goto guilcera depot
[11/6/2014 18:35:46] /goto Guilcera Depot
[11/6/2014 18:35:58] /attr level "9
[11/6/2014 18:36:12] /attr level,9
[11/6/2014 18:36:16] /attr level 9
[11/6/2014 18:36:36] /attr health 10
[11/6/2014 18:36:48] /attr health "10
[11/6/2014 18:36:55] /attr health "175
[11/6/2014 18:37:22] /attr level "10
[11/6/2014 18:37:29] /attr group "3
[11/6/2014 18:38:35] /attr group "1
[11/6/2014 18:39:24] /attr group "2
[11/6/2014 18:39:47] /attr group "0
[11/6/2014 18:40:7] /attr group "3
[11/6/2014 18:40:10] /attr group "1
[11/6/2014 18:41:1] /attr speed "500
[11/6/2014 18:41:56] /attr maxhealth "180
[11/6/2014 18:42:14] /attr health "180
[11/6/2014 18:46:48] /ban Player
[11/6/2014 18:47:0] /ban Player
[11/6/2014 18:47:9] /ban Tempo
[11/6/2014 18:48:20] /ban Tempo
[11/6/2014 18:48:23] /ban Tempo
[11/6/2014 18:48:24] /ban Tempo
[11/6/2014 18:51:54] /ban Tempo
[11/6/2014 18:52:2] /baninfo tempo
[11/6/2014 18:52:17] /baninfo 176886
[11/6/2014 18:55:17] /baninfo tempo
[11/6/2014 18:55:21] /ban Tempo
[11/6/2014 18:55:51] /ban Tempo
[11/6/2014 18:56:9] /unban Tempo
[11/6/2014 18:56:23] /ban Tempo,10,babaca
[11/6/2014 18:57:10] /unban Tempo
[11/6/2014 18:57:39] /ban Tempo,1,babaca
[11/6/2014 19:9:39] /reload talkactions
[11/6/2014 19:9:57] /unban tempo
[11/6/2014 19:10:18] /ban tempo
[11/6/2014 19:13:36] /baninfo tempo
[11/6/2014 19:14:54] /reload talkactions
[11/6/2014 19:15:8] /unban tempo
[11/6/2014 19:15:33] /ban tempo
[11/6/2014 19:17:36] /unban tempo
[11/6/2014 19:17:38] /ban tempo
[11/6/2014 19:17:58] /reload talkactions
[11/6/2014 19:18:4] /ban tempo
[11/6/2014 19:18:55] /baninfo tempo
[11/6/2014 19:19:9] /unban Tempo
[11/6/2014 19:20:4] /ban Tempo,1,Porque sim.
[11/6/2014 19:32:44] /wp
[11/6/2014 19:33:20] /baninfo 176886
[11/6/2014 19:33:26] /baninfo tempo
[11/6/2014 19:33:50] /notations tempo
[11/6/2014 19:34:7] /unban tempo
[11/6/2014 19:54:26] /ban tempo
[11/6/2014 19:54:29] /unban tempo
[11/6/2014 19:54:39] /ban tempo
[11/6/2014 19:54:44] /unban 176886
[11/6/2014 19:54:50] /unban tempo
[11/6/2014 19:59:0] /reload talkactions
[11/6/2014 19:59:12] /ban tempo
[11/6/2014 20:0:31] /reload talkactions
[11/6/2014 20:0:34] /unban tempo
[11/6/2014 20:0:44] /ban tempo
[11/6/2014 20:1:34] /unban tempo
[11/6/2014 20:2:3] /notations tempo,viadinho
[11/6/2014 20:2:16] /notations tempo
[11/6/2014 20:2:24] /notations 176886
[11/6/2014 20:5:57] /ban tempo
[11/6/2014 20:10:12] /unban tempo
[11/6/2014 20:16:8] /reload talkactions
[11/6/2014 20:17:52] /town peonsville
[11/6/2014 20:21:21] /reload talkactions
[11/6/2014 20:21:48] /a 4
[11/6/2014 20:21:50] /a 4
[11/6/2014 20:21:51] /a 4
[11/6/2014 20:21:51] /a 4
[11/6/2014 20:21:52] /a 4
[11/6/2014 20:21:57] /a 4
[11/6/2014 20:23:11] /reload talkactions
[11/6/2014 20:23:12] /a 4
[11/6/2014 20:23:14] /a 4
[11/6/2014 20:24:19] /reload talkactions
[11/6/2014 20:24:20] /a
[11/6/2014 20:24:21] /a 4
[11/6/2014 20:25:34] /reload talkactions
[11/6/2014 20:25:36] /a 4
[11/6/2014 20:25:38] /a 4
[11/6/2014 20:25:48] /a 4
[11/6/2014 20:25:55] /a 4
[11/6/2014 20:27:12] /a 34
[11/6/2014 20:27:14] /a 34
[11/6/2014 20:27:15] /a 34
[11/6/2014 20:27:16] /a 34
[11/6/2014 20:27:17] /a 34
[11/6/2014 20:27:17] /a 34
[11/6/2014 20:31:9] /unban tempo
[11/6/2014 20:31:13] /reload talkactions
[11/6/2014 20:32:6] /reload talkactions
[11/6/2014 20:33:0] /reload talkactions
[11/6/2014 20:36:19] /reload talkactions
[11/6/2014 20:36:43] /ban tempo
[11/6/2014 20:36:49] /unban tempo
[11/6/2014 20:41:32] /a 2
[11/6/2014 20:41:36] /owner God Peonso
[11/6/2014 20:43:8] /owner mais um paladino
[11/6/2014 20:47:3] /owner god peonso
[11/6/2014 20:55:7] /reload talkactions
[11/6/2014 20:58:18] /reload talkactions
[11/6/2014 21:11:58] /reload talkactions
[11/6/2014 22:16:27] /i  2285,1
[11/6/2014 22:16:33] /i  2285,100
[15/6/2014 21:47:12] /m orc
[15/6/2014 21:50:10] /m orc
[15/6/2014 23:13:18] /m orc
[15/6/2014 23:21:50] /m orc
[15/6/2014 23:27:30] /m orc
[15/6/2014 23:27:54] /m orc
[15/6/2014 23:28:10] /m orc
[15/6/2014 23:28:42] /i blue robe 2
[15/6/2014 23:28:46] /i blue robe,2
[15/6/2014 23:28:49] /i blue robe,2
[15/6/2014 23:29:0] /i dragon scale mail
[15/6/2014 23:29:3] /i dragon scale mail
[15/6/2014 23:29:10] /i boots of haste
[15/6/2014 23:29:11] /i boots of haste
[15/6/2014 23:29:12] /i boots of haste
[15/6/2014 23:29:12] /i boots of haste
[15/6/2014 23:29:25] /i crown legs
[15/6/2014 23:29:27] /i crown legs
[15/6/2014 23:29:27] /i crown legs
[15/6/2014 23:29:28] /i crown legs
[15/6/2014 23:29:42] /i crusader helmet
[15/6/2014 23:29:43] /i crusader helmet
[15/6/2014 23:29:44] /i crusader helmet
[15/6/2014 23:29:45] /i crusader helmet
[15/6/2014 23:29:57] /i demon shield
[15/6/2014 23:29:58] /i demon shield
[15/6/2014 23:29:59] /i demon shield
[15/6/2014 23:30:0] /i demon shield
[15/6/2014 23:30:18] /i backpack
[15/6/2014 23:30:36] /i silver mace
[15/6/2014 23:30:50] /i war hammer
[15/6/2014 23:31:3] /i backpack
[15/6/2014 23:31:20] /i steel boots
[15/6/2014 23:32:20] /i rope
[15/6/2014 23:32:21] /i rope
[15/6/2014 23:32:22] /i rope
[15/6/2014 23:32:22] /i rope
[15/6/2014 23:32:26] /i shovel
[15/6/2014 23:32:27] /i shovel
[15/6/2014 23:32:28] /i shovel
[15/6/2014 23:32:28] /i shovel
[15/6/2014 23:32:31] /i machete
[15/6/2014 23:32:32] /i machete
[15/6/2014 23:32:33] /i machete
[15/6/2014 23:32:33] /i machete
[15/6/2014 23:32:38] /i spellbook
[15/6/2014 23:32:39] /i spellbook
[15/6/2014 23:32:39] /i spellbook
[15/6/2014 23:32:40] /i spellbook
[15/6/2014 23:33:8] /i protection amulet
[15/6/2014 23:33:15] /i platinum amulet
[15/6/2014 23:33:18] /i platinum amulet
[15/6/2014 23:33:19] /i platinum amulet
[15/6/2014 23:33:20] /i platinum amulet
[15/6/2014 23:33:34] /i vial,7
[15/6/2014 23:33:44] /i backpack
[15/6/2014 23:33:47] /i vial,7
[15/6/2014 23:34:4] /i vial,7
[15/6/2014 23:34:4] /i vial,7
[15/6/2014 23:34:4] /i vial,7
[15/6/2014 23:34:4] /i vial,7
[15/6/2014 23:34:4] /i vial,7
[15/6/2014 23:34:4] /i vial,7
[15/6/2014 23:34:5] /i vial,7
[15/6/2014 23:34:5] /i vial,7
[15/6/2014 23:34:5] /i vial,7
[15/6/2014 23:34:5] /i vial,7
[15/6/2014 23:34:6] /i vial,7
[15/6/2014 23:34:6] /i vial,7
[15/6/2014 23:34:6] /i vial,7
[15/6/2014 23:34:6] /i vial,7
[15/6/2014 23:34:6] /i vial,7
[15/6/2014 23:34:7] /i vial,7
[15/6/2014 23:34:7] /i vial,7
[15/6/2014 23:34:7] /i vial,7
[15/6/2014 23:34:7] /i vial,7
[15/6/2014 23:34:11] /i backpack
[15/6/2014 23:34:14] /i vial,7
[15/6/2014 23:34:15] /i vial,7
[15/6/2014 23:34:15] /i vial,7
[15/6/2014 23:34:15] /i vial,7
[15/6/2014 23:34:15] /i vial,7
[15/6/2014 23:34:16] /i vial,7
[15/6/2014 23:34:16] /i vial,7
[15/6/2014 23:34:16] /i vial,7
[15/6/2014 23:34:17] /i vial,7
[15/6/2014 23:34:17] /i vial,7
[15/6/2014 23:34:17] /i vial,7
[15/6/2014 23:34:17] /i vial,7
[15/6/2014 23:34:17] /i vial,7
[15/6/2014 23:34:17] /i vial,7
[15/6/2014 23:34:18] /i vial,7
[15/6/2014 23:34:18] /i vial,7
[15/6/2014 23:34:18] /i vial,7
[15/6/2014 23:34:18] /i vial,7
[15/6/2014 23:34:18] /i vial,7
[15/6/2014 23:34:19] /i vial,7
[15/6/2014 23:34:35] /i backpack
[15/6/2014 23:34:43] /i vial,7
[15/6/2014 23:34:43] /i vial,7
[15/6/2014 23:34:44] /i vial,7
[15/6/2014 23:34:45] /i vial,7
[15/6/2014 23:34:45] /i vial,7
[15/6/2014 23:34:45] /i vial,7
[15/6/2014 23:34:45] /i vial,7
[15/6/2014 23:34:46] /i vial,7
[15/6/2014 23:34:46] /i vial,7
[15/6/2014 23:34:46] /i vial,7
[15/6/2014 23:34:46] /i vial,7
[15/6/2014 23:34:46] /i vial,7
[15/6/2014 23:34:46] /i vial,7
[15/6/2014 23:34:47] /i vial,7
[15/6/2014 23:34:47] /i vial,7
[15/6/2014 23:34:47] /i vial,7
[15/6/2014 23:34:47] /i vial,7
[15/6/2014 23:34:47] /i vial,7
[15/6/2014 23:34:48] /i vial,7
[15/6/2014 23:34:54] /i backpack
[15/6/2014 23:35:2] /i vial,7
[15/6/2014 23:35:2] /i vial,7
[15/6/2014 23:35:2] /i vial,7
[15/6/2014 23:35:2] /i vial,7
[15/6/2014 23:35:3] /i vial,7
[15/6/2014 23:35:3] /i vial,7
[15/6/2014 23:35:3] /i vial,7
[15/6/2014 23:35:3] /i vial,7
[15/6/2014 23:35:3] /i vial,7
[15/6/2014 23:35:4] /i vial,7
[15/6/2014 23:35:4] /i vial,7
[15/6/2014 23:35:4] /i vial,7
[15/6/2014 23:35:4] /i vial,7
[15/6/2014 23:35:4] /i vial,7
[15/6/2014 23:35:5] /i vial,7
[15/6/2014 23:35:5] /i vial,7
[15/6/2014 23:35:6] /i vial,7
[15/6/2014 23:35:6] /i vial,7
[15/6/2014 23:35:6] /i vial,7
[15/6/2014 23:39:9] /i backpack
[15/6/2014 23:44:6] /i wand of inferno
[15/6/2014 23:44:38] /i wand of inferno
[15/6/2014 23:46:19] /i wand of cosmic energy
[15/6/2014 23:46:30] /i hailstorm  rod
[15/6/2014 23:46:54] /i tempest rod
[15/6/2014 23:46:58] /i quagmire rod
[15/6/2014 23:48:4] /i backpack
[15/6/2014 23:48:18] /i vial,7
[15/6/2014 23:48:18] /i vial,7
[15/6/2014 23:48:18] /i vial,7
[15/6/2014 23:48:19] /i vial,7
[15/6/2014 23:48:19] /i vial,7
[15/6/2014 23:48:21] /i vial,7
[15/6/2014 23:48:21] /i vial,7
[15/6/2014 23:48:21] /i vial,7
[15/6/2014 23:48:22] /i vial,7
[15/6/2014 23:48:22] /i vial,7
[15/6/2014 23:48:22] /i vial,7
[15/6/2014 23:48:22] /i vial,7
[15/6/2014 23:48:22] /i vial,7
[15/6/2014 23:48:22] /i vial,7
[15/6/2014 23:48:23] /i vial,7
[15/6/2014 23:48:23] /i vial,7
[15/6/2014 23:48:23] /i vial,7
[15/6/2014 23:48:23] /i vial,7
[15/6/2014 23:48:23] /i vial,7
[15/6/2014 23:48:24] /i vial,7
[15/6/2014 23:48:29] /i backpack
[15/6/2014 23:48:35] /i vial,7
[15/6/2014 23:48:35] /i vial,7
[15/6/2014 23:48:35] /i vial,7
[15/6/2014 23:48:35] /i vial,7
[15/6/2014 23:48:36] /i vial,7
[15/6/2014 23:48:36] /i vial,7
[15/6/2014 23:48:36] /i vial,7
[15/6/2014 23:48:36] /i vial,7
[15/6/2014 23:48:36] /i vial,7
[15/6/2014 23:48:37] /i vial,7
[15/6/2014 23:48:39] /i vial,7
[15/6/2014 23:48:39] /i vial,7
[15/6/2014 23:48:39] /i vial,7
[15/6/2014 23:48:40] /i vial,7
[15/6/2014 23:48:40] /i vial,7
[15/6/2014 23:48:40] /i vial,7
[15/6/2014 23:48:40] /i vial,7
[15/6/2014 23:48:40] /i vial,7
[15/6/2014 23:48:43] /i backpack
[15/6/2014 23:48:45] /i vial,7
[15/6/2014 23:48:45] /i vial,7
[15/6/2014 23:48:45] /i vial,7
[15/6/2014 23:48:45] /i vial,7
[15/6/2014 23:48:45] /i vial,7
[15/6/2014 23:48:46] /i vial,7
[15/6/2014 23:48:46] /i vial,7
[15/6/2014 23:48:46] /i vial,7
[15/6/2014 23:48:46] /i vial,7
[15/6/2014 23:48:50] /i vial,7
[15/6/2014 23:48:50] /i vial,7
[15/6/2014 23:48:50] /i vial,7
[15/6/2014 23:48:50] /i vial,7
[15/6/2014 23:48:50] /i vial,7
[15/6/2014 23:48:51] /i vial,7
[15/6/2014 23:48:51] /i vial,7
[15/6/2014 23:48:51] /i vial,7
[15/6/2014 23:48:51] /i vial,7
[15/6/2014 23:48:51] /i vial,7
[15/6/2014 23:49:7] /i backpack
[15/6/2014 23:55:56] /i mana fluid
[15/6/2014 23:56:2] /i backpack
[15/6/2014 23:56:6] /i vial,7
[15/6/2014 23:56:7] /i vial,7
[15/6/2014 23:56:7] /i vial,7
[15/6/2014 23:56:7] /i vial,7
[15/6/2014 23:56:7] /i vial,7
[15/6/2014 23:56:7] /i vial,7
[15/6/2014 23:56:7] /i vial,7
[15/6/2014 23:56:7] /i vial,7
[15/6/2014 23:56:7] /i vial,7
[15/6/2014 23:56:7] /i vial,7
[15/6/2014 23:56:7] /i vial,7
[15/6/2014 23:56:7] /i vial,7
[15/6/2014 23:56:7] /i vial,7
[15/6/2014 23:56:7] /i vial,7
[15/6/2014 23:56:7] /i vial,7
[15/6/2014 23:56:7] /i vial,7
[15/6/2014 23:56:7] /i vial,7
[15/6/2014 23:56:7] /i vial,7
[15/6/2014 23:56:8] /i vial,7
[15/6/2014 23:56:8] /i vial,7
[15/6/2014 23:56:10] /i backpack
[15/6/2014 23:56:16] /i vial,7
[15/6/2014 23:56:16] /i vial,7
[15/6/2014 23:56:16] /i vial,7
[15/6/2014 23:56:16] /i vial,7
[15/6/2014 23:56:16] /i vial,7
[15/6/2014 23:56:16] /i vial,7
[15/6/2014 23:56:16] /i vial,7
[15/6/2014 23:56:16] /i vial,7
[15/6/2014 23:56:16] /i vial,7
[15/6/2014 23:56:16] /i vial,7
[15/6/2014 23:56:16] /i vial,7
[15/6/2014 23:56:16] /i vial,7
[15/6/2014 23:56:17] /i vial,7
[15/6/2014 23:56:17] /i vial,7
[15/6/2014 23:56:17] /i vial,7
[15/6/2014 23:56:17] /i vial,7
[15/6/2014 23:56:17] /i vial,7
[15/6/2014 23:56:18] /i vial,7
[15/6/2014 23:56:18] /i vial,7
[15/6/2014 23:56:30] /i backpack
[15/6/2014 23:56:56] /i 2261
[15/6/2014 23:57:1] /i 2261
[15/6/2014 23:57:1] /i 2261
[15/6/2014 23:57:2] /i 2261
[15/6/2014 23:57:21] /i 2285
[15/6/2014 23:57:34] /i brown mushroom
[15/6/2014 23:57:35] /i brown mushroom
[15/6/2014 23:57:36] /i brown mushroom
[15/6/2014 23:57:36] /i brown mushroom
[15/6/2014 23:57:40] /i backpack
[15/6/2014 23:57:42] /i backpack
[15/6/2014 23:57:42] /i backpack
[15/6/2014 23:57:43] /i backpack
[15/6/2014 23:58:12] /i bow
[15/6/2014 23:58:14] /i bow
[15/6/2014 23:58:14] /i bow
[15/6/2014 23:58:23] /i burst arrow
[15/6/2014 23:58:25] /i burst arrow
[15/6/2014 23:58:26] /i burst arrow
[15/6/2014 23:58:28] /i burst arrow
[15/6/2014 23:58:43] /i crossbow
[15/6/2014 23:58:49] /i power bolt
[15/6/2014 23:58:50] /i power bolt
[15/6/2014 23:58:54] /i bolt
[15/6/2014 23:58:54] /i bolt
[15/6/2014 23:58:55] /i bolt
[15/6/2014 23:58:55] /i bolt
[15/6/2014 23:58:56] /i bolt
[15/6/2014 23:58:56] /i bolt
[15/6/2014 23:59:12] /i heavy magic missile
[15/6/2014 23:59:16] /i heavy magic missile rune
[15/6/2014 23:59:28] /i stone skin amulet
[15/6/2014 23:59:29] /i stone skin amulet
[15/6/2014 23:59:29] /i stone skin amulet
[15/6/2014 23:59:30] /i stone skin amulet
[15/6/2014 23:59:41] /i energy ring
[15/6/2014 23:59:43] /i energy ring
[15/6/2014 23:59:44] /i energy ring
[16/6/2014 0:0:8] /i 2293
[16/6/2014 0:0:9] /i 2293
[16/6/2014 0:0:9] /i 2293
[16/6/2014 0:0:29] /i 2313
[16/6/2014 0:0:31] /i 2313
[16/6/2014 0:0:31] /i 2313
[16/6/2014 0:0:32] /i 2313
[16/6/2014 0:1:16] /i magic light wand
[16/6/2014 0:1:20] /i magic lightwand
[16/6/2014 0:1:22] /i magic lightwand
[16/6/2014 0:1:22] /i magic lightwand
[16/6/2014 0:1:23] /i magic lightwand
[16/6/2014 0:1:46] /i 2279
[16/6/2014 0:2:3] /i 2305
[16/6/2014 0:7:40] /i 2308
[16/6/2014 0:7:46] /i 2308
[16/6/2014 0:7:50] /i 2308
[16/6/2014 0:10:36] /i 2304
[16/6/2014 0:10:38] /i 2304
[16/6/2014 0:10:38] /i 2304
[16/6/2014 0:10:39] /i 2304
[16/6/2014 0:10:54] /i 2268
[16/6/2014 0:10:57] /i 2268
[16/6/2014 0:10:57] /i 2268
[16/6/2014 0:10:58] /i 2268
[16/6/2014 0:10:58] /i 2268
[16/6/2014 0:10:59] /i 2268
[16/6/2014 0:11:29] /i 2311
[16/6/2014 0:11:32] /i 2311
[16/6/2014 0:11:33] /i 2311
[16/6/2014 0:11:37] /i 2311
[16/6/2014 0:11:37] /i 2311
[16/6/2014 0:12:17] /i backpack
[16/6/2014 0:12:21] /i 2311
[16/6/2014 0:12:21] /i 2311
[16/6/2014 0:13:2] /i 2292
[16/6/2014 0:13:5] /i 2292
[16/6/2014 0:13:8] /i 2292
[16/6/2014 0:13:14] /i 2292
[16/6/2014 0:13:31] /i 2310
[16/6/2014 0:13:32] /i 2310
[16/6/2014 0:13:32] /i 2310
[16/6/2014 0:13:33] /i 2310
[16/6/2014 0:13:48] /i 2273
[16/6/2014 0:13:49] /i 2273
[16/6/2014 0:13:50] /i 2273
[16/6/2014 0:13:51] /i 2273
[16/6/2014 0:13:52] /i 2273
[16/6/2014 0:52:29] /m orc
[16/6/2014 0:53:5] /m orc
[16/6/2014 0:53:18] /m orc
[16/6/2014 0:53:19] /m orc
[16/6/2014 0:53:19] /m orc
[16/6/2014 0:53:20] /m orc
[16/6/2014 0:53:20] /m orc
[16/6/2014 0:53:21] /m orc
[16/6/2014 0:53:21] /m orc
[16/6/2014 0:53:25] /m orc
[16/6/2014 0:53:26] /m orc
[16/6/2014 0:53:27] /m orc
[16/6/2014 0:53:27] /m orc
[16/6/2014 0:55:35] /m orc
[16/6/2014 0:55:36] /m orc
[16/6/2014 0:55:37] /m orc
[16/6/2014 0:56:13] /m orc
[16/6/2014 0:56:13] /m orc
[16/6/2014 0:56:14] /m orc
[16/6/2014 0:56:14] /m orc
[16/6/2014 0:56:15] /m orc
[16/6/2014 0:56:15] /m orc
[16/6/2014 0:56:16] /m orc
[16/6/2014 0:56:16] /m orc
[16/6/2014 0:56:16] /m orc
[16/6/2014 0:57:33] /m orc
[16/6/2014 0:57:34] /m orc
[16/6/2014 0:57:34] /m orc
[16/6/2014 0:57:35] /m orc
[16/6/2014 1:8:56] /m orc
[16/6/2014 1:8:57] /m orc
[16/6/2014 1:8:57] /m orc
[16/6/2014 1:9:43] /m orc
[16/6/2014 1:14:25] /m orc
[16/6/2014 1:14:26] /m orc
[16/6/2014 1:14:26] /m orc
[16/6/2014 1:14:47] /m orc
[16/6/2014 1:23:13] /m orc
[16/6/2014 1:23:18] /m orc
[16/6/2014 1:23:29] /m orc
[16/6/2014 1:24:49] /m orc
[16/6/2014 1:25:28] /m orc
[16/6/2014 1:27:19] /m orc
[16/6/2014 1:28:8] /m orc
[16/6/2014 1:28:9] /m orc
[16/6/2014 1:28:13] /m orc
[16/6/2014 1:28:13] /m orc
[16/6/2014 1:29:32] /m orc
[16/6/2014 1:33:15] /m orc
[16/6/2014 1:33:47] /m orc
[16/6/2014 1:33:47] /m orc
[16/6/2014 1:34:47] /i sandals
[16/6/2014 1:35:0] /i postman hat
[16/6/2014 1:35:7] /i hat
[16/6/2014 1:35:22] /i Post Officer's Hat 
[16/6/2014 1:35:28] /i Post Officers Hat
[16/6/2014 1:36:39] /i red robe
[16/6/2014 1:36:57] /i bunny sleepers
[16/6/2014 1:37:8] /i bunny slippers
[16/6/2014 1:37:14] /i bunny slipper
[16/6/2014 1:37:35] /i bunnyslippers
[16/6/2014 1:39:46] /m orc
[16/6/2014 1:39:47] /m orc
[16/6/2014 1:39:48] /m orc
[16/6/2014 1:39:49] /m orc
[16/6/2014 1:41:19] /m orc
[16/6/2014 1:41:19] /m orc
[16/6/2014 1:41:20] /m orc
[16/6/2014 1:43:45] /m orc
[16/6/2014 2:27:51] /reload spells
[16/6/2014 2:42:33] /m orc
[16/6/2014 2:42:34] /m orc
[16/6/2014 2:45:48] /m demon
[16/6/2014 2:50:4] /m banshee
[16/6/2014 2:51:6] /m warlock
[16/6/2014 3:39:46] /m orc
[16/6/2014 3:40:43] /i bow
[16/6/2014 3:43:35] /i trap
[16/6/2014 3:47:25] /i trap
[16/6/2014 17:17:51] /m orc
[16/6/2014 17:19:11] /i parcel
[16/6/2014 17:19:13] /i parcel
[16/6/2014 17:19:14] /i parcel
[16/6/2014 17:19:14] /i parcel
[16/6/2014 17:19:14] /i parcel
[16/6/2014 17:19:15] /i parcel
[16/6/2014 17:24:15] /m orc
[18/6/2014 22:27:0] /c test knight
[18/6/2014 22:27:4] /m amazon
[18/6/2014 22:27:4] /m amazon
[18/6/2014 22:27:5] /m amazon
[18/6/2014 22:27:5] /m amazon
[18/6/2014 22:27:6] /m amazon
[18/6/2014 22:27:6] /m amazon
[18/6/2014 22:27:7] /m amazon
[18/6/2014 22:27:7] /m amazon
[18/6/2014 22:27:7] /m amazon
[18/6/2014 22:27:8] /m amazon
[18/6/2014 22:27:53] /i parcel
[18/6/2014 22:27:54] /i parcel
[18/6/2014 22:27:55] /i parcel
[18/6/2014 22:27:55] /i parcel
[18/6/2014 22:27:55] /i parcel
[18/6/2014 22:28:22] /m amazon
[18/6/2014 22:28:22] /m amazon
[18/6/2014 22:28:23] /m amazon
[18/6/2014 22:28:23] /m amazon
[18/6/2014 22:28:24] /m amazon
[18/6/2014 22:28:24] /m amazon
[18/6/2014 22:28:25] /m amazon
[18/6/2014 22:28:25] /m amazon
[18/6/2014 22:28:26] /m amazon
[18/6/2014 22:28:26] /m amazon
[18/6/2014 22:28:27] /m amazon
[18/6/2014 22:28:27] /m amazon
[18/6/2014 22:28:28] /m amazon
[18/6/2014 22:28:28] /m amazon
[18/6/2014 22:28:29] /m amazon
[18/6/2014 22:28:29] /m amazon
[18/6/2014 22:28:30] /m amazon
[18/6/2014 22:28:30] /m amazon
[18/6/2014 22:28:31] /m amazon
[18/6/2014 22:28:31] /m amazon
[18/6/2014 22:28:32] /m amazon
[18/6/2014 22:28:32] /m amazon
[18/6/2014 22:28:33] /m amazon
[18/6/2014 22:29:16] /m amazon
[18/6/2014 22:29:16] /m amazon
[18/6/2014 22:29:17] /m amazon
[18/6/2014 22:29:17] /m amazon
[18/6/2014 22:29:18] /m amazon
[18/6/2014 22:29:18] /m amazon
[18/6/2014 22:29:19] /m amazon
[18/6/2014 22:29:19] /m amazon
[18/6/2014 22:29:20] /m amazon
[18/6/2014 22:29:20] /m amazon
[18/6/2014 22:29:20] /m amazon
[18/6/2014 22:29:21] /m amazon
[18/6/2014 22:29:21] /m amazon
[18/6/2014 22:29:22] /m amazon
[18/6/2014 22:29:22] /m amazon
[18/6/2014 22:29:23] /m amazon
[18/6/2014 22:29:23] /m amazon
[18/6/2014 22:29:24] /m amazon
[18/6/2014 22:29:24] /m amazon
[18/6/2014 22:29:25] /m amazon
[18/6/2014 22:29:25] /m amazon
[18/6/2014 22:29:26] /m amazon
[18/6/2014 22:29:27] /m amazon
[18/6/2014 22:29:28] /m amazon
[18/6/2014 22:29:29] /m amazon
[18/6/2014 22:29:39] /m amazon
[18/6/2014 22:29:40] /m amazon
[18/6/2014 22:29:41] /m amazon
[18/6/2014 22:29:41] /m amazon
[18/6/2014 22:29:42] /m amazon
[18/6/2014 22:29:42] /m amazon
[18/6/2014 22:29:44] /m amazon
[18/6/2014 22:29:45] /m amazon
[18/6/2014 22:38:41] /m amazon
[18/6/2014 22:38:41] /m amazon
[18/6/2014 22:38:42] /m amazon
[18/6/2014 22:38:42] /m amazon
[18/6/2014 22:38:43] /m amazon
[18/6/2014 22:48:16] /m orc
[18/6/2014 22:53:11] /i parcel
[18/6/2014 22:53:13] /i parcel
[18/6/2014 22:53:13] /i parcel
[18/6/2014 22:53:14] /i parcel
[18/6/2014 22:53:19] /i parcel
[18/6/2014 22:53:31] /m orc
[18/6/2014 22:53:32] /m orc
[18/6/2014 22:53:33] /m orc
[18/6/2014 22:53:33] /m orc
[18/6/2014 22:53:34] /m orc
[18/6/2014 22:53:34] /m orc
[18/6/2014 22:53:35] /m orc
[18/6/2014 22:53:35] /m orc
[18/6/2014 22:53:36] /m orc
[18/6/2014 22:53:36] /m orc
[18/6/2014 22:53:37] /m orc
[18/6/2014 22:53:37] /m orc
[18/6/2014 22:53:38] /m orc
[18/6/2014 22:53:39] /m orc
[18/6/2014 22:53:39] /m orc
[18/6/2014 22:53:40] /m orc
[18/6/2014 22:53:40] /m orc
[18/6/2014 22:53:41] /m orc
[18/6/2014 22:53:42] /m orc
[18/6/2014 22:53:43] /m orc
[18/6/2014 22:53:43] /m orc
[18/6/2014 22:53:44] /m orc
[18/6/2014 22:53:45] /m orc
[18/6/2014 22:53:46] /m orc
[18/6/2014 22:53:48] /m orc
[18/6/2014 22:54:19] /i parcel
[18/6/2014 22:54:21] /m orc
[18/6/2014 22:57:17] /clean
[18/6/2014 22:57:22] /i parcel
[18/6/2014 22:57:24] /i parcel
[18/6/2014 22:57:24] /i parcel
[18/6/2014 22:57:25] /i parcel
[18/6/2014 22:57:26] /i parcel
[18/6/2014 22:57:35] /m orc
[18/6/2014 22:57:36] /m orc
[18/6/2014 23:14:36] /m orc
[18/6/2014 23:14:37] /m orc
[18/6/2014 23:14:37] /m orc
[18/6/2014 23:14:38] /m orc
[18/6/2014 23:14:38] /m orc
[18/6/2014 23:14:38] /m orc
[18/6/2014 23:14:39] /m orc
[18/6/2014 23:14:43] /i parcel
[18/6/2014 23:14:43] /i parcel
[18/6/2014 23:14:45] /m orc
[18/6/2014 23:14:45] /m orc
[18/6/2014 23:14:46] /m orc
[18/6/2014 23:14:47] /m orc
[18/6/2014 23:14:47] /m orc
[18/6/2014 23:14:48] /m orc
[18/6/2014 23:14:48] /m orc
[18/6/2014 23:14:49] /m orc
[18/6/2014 23:15:28] /m orc
[18/6/2014 23:15:29] /m orc
[18/6/2014 23:15:34] /m orc
[18/6/2014 23:15:35] /m orc
[18/6/2014 23:15:35] /m orc
[18/6/2014 23:15:36] /m orc
[18/6/2014 23:41:3] /i parcel
[18/6/2014 23:41:5] /i parcel
[18/6/2014 23:41:5] /i parcel
[18/6/2014 23:41:7] /i parcel
[18/6/2014 23:41:7] /i parcel
[18/6/2014 23:41:9] /i parcel
[18/6/2014 23:41:23] /m orc
[18/6/2014 23:41:24] /m orc
[18/6/2014 23:41:25] /m orc
[18/6/2014 23:41:26] /m orc
[18/6/2014 23:41:27] /m orc
[18/6/2014 23:41:28] /m orc
[18/6/2014 23:41:32] /m orc
[18/6/2014 23:41:33] /m orc
[18/6/2014 23:41:34] /m orc
[18/6/2014 23:41:37] /m orc
[18/6/2014 23:41:38] /m orc
[18/6/2014 23:41:39] /m orc
[18/6/2014 23:41:40] /m orc
[18/6/2014 23:41:41] /m orc
[18/6/2014 23:41:42] /m orc
[18/6/2014 23:41:44] /m orc
[18/6/2014 23:41:45] /m orc
[18/6/2014 23:41:46] /m orc
[18/6/2014 23:41:47] /m orc
[18/6/2014 23:41:50] /m orc
[18/6/2014 23:41:51] /m orc
[18/6/2014 23:41:53] /m orc
[18/6/2014 23:42:2] /m orc
[18/6/2014 23:42:3] /m orc
[18/6/2014 23:42:3] /m orc
[18/6/2014 23:42:8] /m orc
[18/6/2014 23:42:8] /m orc
[18/6/2014 23:42:9] /m orc
[19/6/2014 15:46:18] /i fire axe
[19/6/2014 15:54:20] /i 2279,10
[19/6/2014 15:56:17] /m orc
[19/6/2014 15:59:26] /m orc
[19/6/2014 15:59:40] /m orc
[19/6/2014 16:2:40] /m orc
[19/6/2014 16:5:5] /m
[19/6/2014 16:5:11] /goto 227,229,7
[19/6/2014 16:5:18] /i 2361
[19/6/2014 16:29:59] /m orc
[19/6/2014 16:30:21] /m orc
